{"uuid": "004f414e-2763-4bc0-98bd-689e3b9c63c5", "historyId": "6098aa54ef9046208d89d17398363799", "name": "User uploads a file to OneDrive", "labels": [{"value": "normal", "name": "severity"}, {"value": "OneDrive upload and verification", "name": "feature"}, {"value": "behave", "name": "framework"}, {"value": "cpython3", "name": "language"}], "steps": [{"stop": 1593794357335, "start": 1593794349853, "name": "Given the User is navigates to One Drive page", "status": "passed"}, {"stop": 1593794363040, "start": 1593794357336, "name": "And selects Locale", "status": "passed"}, {"stop": 1593794370879, "start": 1593794363041, "name": "When the User clicks Sign In", "status": "passed"}, {"statusDetails": {"message": "selenium.common.exceptions.NoSuchWindowException: Message: no such window: target window already closed\nfrom unknown error: web view not found\n  (Session info: chrome=83.0.4103.97)\n\n", "trace": "  File \"/home/scarlet/Projects/PyEnvs/Automation/QAEnv/lib/python3.5/site-packages/behave/model.py\", line 1329, in run\n    match.run(runner.context)\n  File \"/home/scarlet/Projects/PyEnvs/Automation/QAEnv/lib/python3.5/site-packages/behave/matchers.py\", line 98, in run\n    self.func(context, *args, **kwargs)\n  File \"features/steps/one_drive_steps.py\", line 65, in enter_email\n    context.driver.switch_to.frame(context.driver.find_element_by_css_selector('iframe[class=\"SignIn\"]'))\n  File \"/home/scarlet/Projects/PyEnvs/Automation/QAEnv/lib/python3.5/site-packages/selenium/webdriver/remote/webdriver.py\", line 598, in find_element_by_css_selector\n    return self.find_element(by=By.CSS_SELECTOR, value=css_selector)\n  File \"/home/scarlet/Projects/PyEnvs/Automation/QAEnv/lib/python3.5/site-packages/selenium/webdriver/remote/webdriver.py\", line 978, in find_element\n    'value': value})['value']\n  File \"/home/scarlet/Projects/PyEnvs/Automation/QAEnv/lib/python3.5/site-packages/selenium/webdriver/remote/webdriver.py\", line 321, in execute\n    self.error_handler.check_response(response)\n  File \"/home/scarlet/Projects/PyEnvs/Automation/QAEnv/lib/python3.5/site-packages/selenium/webdriver/remote/errorhandler.py\", line 242, in check_response\n    raise exception_class(message, screen, stacktrace)\n"}, "stop": 1593794370907, "start": 1593794370885, "name": "And the User enters email in E-mail field", "status": "broken"}, {"stop": 1593794370945, "start": 1593794370945, "name": "And submits email", "status": "skipped"}, {"stop": 1593794370946, "start": 1593794370946, "name": "And the User enters password in Password field", "status": "skipped"}, {"stop": 1593794370946, "start": 1593794370946, "name": "And submits password", "status": "skipped"}, {"stop": 1593794370946, "start": 1593794370946, "name": "And One Drive is shown", "status": "skipped"}, {"stop": 1593794370946, "start": 1593794370946, "name": "And the User clicks the Upload File dropdown menu", "status": "skipped"}, {"stop": 1593794370946, "start": 1593794370946, "name": "And selects Files from dropdown menu", "status": "skipped"}, {"stop": 1593794370946, "start": 1593794370946, "name": "And select File to Upload", "status": "skipped"}, {"stop": 1593794370947, "start": 1593794370946, "name": "Then file is uploaded", "status": "skipped"}], "stop": 1593794370947, "start": 1593794347624, "statusDetails": {"message": "selenium.common.exceptions.NoSuchWindowException: Message: no such window: target window already closed\nfrom unknown error: web view not found\n  (Session info: chrome=83.0.4103.97)\n\n", "trace": "  File \"/home/scarlet/Projects/PyEnvs/Automation/QAEnv/lib/python3.5/site-packages/behave/model.py\", line 1329, in run\n    match.run(runner.context)\n  File \"/home/scarlet/Projects/PyEnvs/Automation/QAEnv/lib/python3.5/site-packages/behave/matchers.py\", line 98, in run\n    self.func(context, *args, **kwargs)\n  File \"features/steps/one_drive_steps.py\", line 65, in enter_email\n    context.driver.switch_to.frame(context.driver.find_element_by_css_selector('iframe[class=\"SignIn\"]'))\n  File \"/home/scarlet/Projects/PyEnvs/Automation/QAEnv/lib/python3.5/site-packages/selenium/webdriver/remote/webdriver.py\", line 598, in find_element_by_css_selector\n    return self.find_element(by=By.CSS_SELECTOR, value=css_selector)\n  File \"/home/scarlet/Projects/PyEnvs/Automation/QAEnv/lib/python3.5/site-packages/selenium/webdriver/remote/webdriver.py\", line 978, in find_element\n    'value': value})['value']\n  File \"/home/scarlet/Projects/PyEnvs/Automation/QAEnv/lib/python3.5/site-packages/selenium/webdriver/remote/webdriver.py\", line 321, in execute\n    self.error_handler.check_response(response)\n  File \"/home/scarlet/Projects/PyEnvs/Automation/QAEnv/lib/python3.5/site-packages/selenium/webdriver/remote/errorhandler.py\", line 242, in check_response\n    raise exception_class(message, screen, stacktrace)\n"}, "status": "broken"}